2016-05-08 20:20:26,043 [Worker-5] INFO  o.e.m.c.i.l.LifecycleMappingFactory - Using org.eclipse.m2e.jdt.JarLifecycleMapping lifecycle mapping for MavenProject: Data-Processing-PC:Data-Processing-PC:0.0.1-SNAPSHOT @ /Users/Max/Desktop/Data-Processing-PC/Data-Processing-PC/pom.xml.
2016-05-08 20:20:26,264 [Worker-0] WARN  o.e.m.c.i.embedder.EclipseLogger - Using platform encoding (UTF-8 actually) to copy filtered resources, i.e. build is platform dependent!
2016-05-08 20:20:26,266 [Worker-0] INFO  o.e.m.c.i.embedder.EclipseLogger - skip non existing resourceDirectory /Users/Max/Desktop/Data-Processing-PC/Data-Processing-PC/src/main/resources
2016-05-08 20:20:26,268 [Worker-0] WARN  o.e.m.c.i.embedder.EclipseLogger - Using platform encoding (UTF-8 actually) to copy filtered resources, i.e. build is platform dependent!
2016-05-08 20:20:26,269 [Worker-0] INFO  o.e.m.c.i.embedder.EclipseLogger - skip non existing resourceDirectory /Users/Max/Desktop/Data-Processing-PC/Data-Processing-PC/src/test/resources
2016-05-08 20:20:26,271 [Worker-5] INFO  o.e.m.j.i.AbstractJavaProjectConfigurator - Adding source folder /Data-Processing-PC/src
2016-05-08 20:20:26,271 [Worker-5] INFO  o.e.m.j.i.AbstractJavaProjectConfigurator - Not adding source folder /Data-Processing-PC/src/test/java because it overlaps with /Data-Processing-PC/src
2016-05-08 20:20:26,314 [Worker-5] INFO  o.e.m.c.i.p.ProjectConfigurationManager - Update started
2016-05-08 20:20:26,535 [Worker-5] INFO  o.e.m.c.i.l.LifecycleMappingFactory - Using org.eclipse.m2e.jdt.JarLifecycleMapping lifecycle mapping for MavenProject: Data-Processing-PC:Data-Processing-PC:0.0.1-SNAPSHOT @ /Users/Max/Desktop/Data-Processing-PC/Data-Processing-PC/pom.xml.
2016-05-08 20:20:26,664 [Worker-5] INFO  o.e.m.j.i.AbstractJavaProjectConfigurator - Adding source folder /Data-Processing-PC/src
2016-05-08 20:20:26,664 [Worker-5] INFO  o.e.m.j.i.AbstractJavaProjectConfigurator - Not adding source folder /Data-Processing-PC/src/test/java because it overlaps with /Data-Processing-PC/src
2016-05-08 20:20:26,685 [Worker-5] INFO  o.e.m.c.i.p.ProjectConfigurationManager - Update completed: 0 sec
2016-05-08 20:20:27,294 [Worker-4] WARN  o.e.m.c.i.embedder.EclipseLogger - Using platform encoding (UTF-8 actually) to copy filtered resources, i.e. build is platform dependent!
2016-05-08 20:20:27,295 [Worker-4] INFO  o.e.m.c.i.embedder.EclipseLogger - skip non existing resourceDirectory /Users/Max/Desktop/Data-Processing-PC/Data-Processing-PC/src/main/resources
2016-05-08 20:20:27,296 [Worker-4] WARN  o.e.m.c.i.embedder.EclipseLogger - Using platform encoding (UTF-8 actually) to copy filtered resources, i.e. build is platform dependent!
2016-05-08 20:20:27,296 [Worker-4] INFO  o.e.m.c.i.embedder.EclipseLogger - skip non existing resourceDirectory /Users/Max/Desktop/Data-Processing-PC/Data-Processing-PC/src/test/resources
2016-05-08 20:20:55,045 [Worker-5] INFO  o.e.m.c.i.l.LifecycleMappingFactory - Using org.eclipse.m2e.jdt.JarLifecycleMapping lifecycle mapping for MavenProject: Data-Processing-PC:Data-Processing-PC:0.0.1-SNAPSHOT @ /Users/Max/Desktop/Data-Processing-PC/Data-Processing-PC/pom.xml.
2016-05-08 20:20:55,157 [Worker-5] WARN  o.e.m.c.i.embedder.EclipseLogger - Using platform encoding (UTF-8 actually) to copy filtered resources, i.e. build is platform dependent!
2016-05-08 20:20:55,158 [Worker-5] INFO  o.e.m.c.i.embedder.EclipseLogger - skip non existing resourceDirectory /Users/Max/Desktop/Data-Processing-PC/Data-Processing-PC/src/main/resources
2016-05-08 20:20:55,159 [Worker-5] WARN  o.e.m.c.i.embedder.EclipseLogger - Using platform encoding (UTF-8 actually) to copy filtered resources, i.e. build is platform dependent!
2016-05-08 20:20:55,159 [Worker-5] INFO  o.e.m.c.i.embedder.EclipseLogger - skip non existing resourceDirectory /Users/Max/Desktop/Data-Processing-PC/Data-Processing-PC/src/test/resources
2016-05-08 20:21:22,876 [Worker-1] WARN  o.e.m.c.i.embedder.EclipseLogger - Using platform encoding (UTF-8 actually) to copy filtered resources, i.e. build is platform dependent!
2016-05-08 20:21:22,876 [Worker-1] INFO  o.e.m.c.i.embedder.EclipseLogger - skip non existing resourceDirectory /Users/Max/Desktop/Data-Processing-PC/Data-Processing-PC/src/main/resources
2016-05-08 20:21:22,877 [Worker-1] WARN  o.e.m.c.i.embedder.EclipseLogger - Using platform encoding (UTF-8 actually) to copy filtered resources, i.e. build is platform dependent!
2016-05-08 20:21:22,877 [Worker-1] INFO  o.e.m.c.i.embedder.EclipseLogger - skip non existing resourceDirectory /Users/Max/Desktop/Data-Processing-PC/Data-Processing-PC/src/test/resources
2016-05-08 20:22:58,286 [Worker-5] WARN  o.e.m.c.i.embedder.EclipseLogger - Using platform encoding (UTF-8 actually) to copy filtered resources, i.e. build is platform dependent!
2016-05-08 20:22:58,286 [Worker-5] INFO  o.e.m.c.i.embedder.EclipseLogger - skip non existing resourceDirectory /Users/Max/Desktop/Data-Processing-PC/Data-Processing-PC/src/main/resources
2016-05-08 20:22:58,287 [Worker-5] WARN  o.e.m.c.i.embedder.EclipseLogger - Using platform encoding (UTF-8 actually) to copy filtered resources, i.e. build is platform dependent!
2016-05-08 20:22:58,288 [Worker-5] INFO  o.e.m.c.i.embedder.EclipseLogger - skip non existing resourceDirectory /Users/Max/Desktop/Data-Processing-PC/Data-Processing-PC/src/test/resources
2016-05-08 20:23:29,143 [Worker-1] WARN  o.e.m.c.i.embedder.EclipseLogger - Using platform encoding (UTF-8 actually) to copy filtered resources, i.e. build is platform dependent!
2016-05-08 20:23:29,144 [Worker-1] INFO  o.e.m.c.i.embedder.EclipseLogger - skip non existing resourceDirectory /Users/Max/Desktop/Data-Processing-PC/Data-Processing-PC/src/main/resources
2016-05-08 20:23:29,145 [Worker-1] WARN  o.e.m.c.i.embedder.EclipseLogger - Using platform encoding (UTF-8 actually) to copy filtered resources, i.e. build is platform dependent!
2016-05-08 20:23:29,145 [Worker-1] INFO  o.e.m.c.i.embedder.EclipseLogger - skip non existing resourceDirectory /Users/Max/Desktop/Data-Processing-PC/Data-Processing-PC/src/test/resources
2016-05-08 20:30:10,277 [main] INFO  o.e.m2e.actions.ExecutePomAction - Creating new launch configuration
2016-05-08 20:31:19,888 [main] INFO  o.e.m2e.actions.ExecutePomAction - Using existing launch configuration
2016-05-08 20:31:29,020 [Worker-3] INFO  o.e.m.i.launch.MavenLaunchDelegate - /Users/Max/Desktop/Data-Processing-PC/Data-Processing-PC
2016-05-08 20:31:29,020 [Worker-3] INFO  o.e.m.i.launch.MavenLaunchDelegate -  mvn  -B 
2016-05-08 20:31:29,138 [Worker-3] WARN  o.e.m.c.i.embedder.EclipseLogger - Using platform encoding (UTF-8 actually) to copy filtered resources, i.e. build is platform dependent!
2016-05-08 20:31:29,139 [Worker-3] INFO  o.e.m.c.i.embedder.EclipseLogger - skip non existing resourceDirectory /Users/Max/Desktop/Data-Processing-PC/Data-Processing-PC/src/main/resources
2016-05-08 20:31:29,139 [Worker-3] WARN  o.e.m.c.i.embedder.EclipseLogger - Using platform encoding (UTF-8 actually) to copy filtered resources, i.e. build is platform dependent!
2016-05-08 20:31:29,140 [Worker-3] INFO  o.e.m.c.i.embedder.EclipseLogger - skip non existing resourceDirectory /Users/Max/Desktop/Data-Processing-PC/Data-Processing-PC/src/test/resources
2016-05-08 20:34:26,242 [main] INFO  o.e.m2e.actions.ExecutePomAction - Using existing launch configuration
2016-05-08 20:34:39,126 [Worker-4] INFO  o.e.m.i.launch.MavenLaunchDelegate - /Users/Max/Desktop/Data-Processing-PC/Data-Processing-PC
2016-05-08 20:34:39,126 [Worker-4] INFO  o.e.m.i.launch.MavenLaunchDelegate -  mvn  -B 
2016-05-08 20:36:02,678 [main] INFO  o.e.m2e.actions.ExecutePomAction - Using existing launch configuration
2016-05-08 20:36:10,098 [Worker-3] INFO  o.e.m.i.launch.MavenLaunchDelegate - /Users/Max/Desktop/Data-Processing-PC/Data-Processing-PC
2016-05-08 20:36:10,098 [Worker-3] INFO  o.e.m.i.launch.MavenLaunchDelegate -  mvn  -B install
2016-05-08 20:36:13,517 [Worker-4] WARN  o.e.m.c.i.embedder.EclipseLogger - Using platform encoding (UTF-8 actually) to copy filtered resources, i.e. build is platform dependent!
2016-05-08 20:36:13,517 [Worker-4] INFO  o.e.m.c.i.embedder.EclipseLogger - skip non existing resourceDirectory /Users/Max/Desktop/Data-Processing-PC/Data-Processing-PC/src/main/resources
2016-05-08 20:36:13,518 [Worker-4] WARN  o.e.m.c.i.embedder.EclipseLogger - Using platform encoding (UTF-8 actually) to copy filtered resources, i.e. build is platform dependent!
2016-05-08 20:36:13,519 [Worker-4] INFO  o.e.m.c.i.embedder.EclipseLogger - skip non existing resourceDirectory /Users/Max/Desktop/Data-Processing-PC/Data-Processing-PC/src/test/resources
2016-05-08 20:36:28,197 [main] INFO  o.e.m2e.actions.ExecutePomAction - Creating new launch configuration
2016-05-08 20:36:37,381 [Worker-1] INFO  o.e.m.i.launch.MavenLaunchDelegate - /Users/Max/Desktop/Data-Processing-PC/Data-Processing-PC
2016-05-08 20:36:37,381 [Worker-1] INFO  o.e.m.i.launch.MavenLaunchDelegate -  mvn  -B test
2016-05-08 20:36:39,166 [Worker-3] WARN  o.e.m.c.i.embedder.EclipseLogger - Using platform encoding (UTF-8 actually) to copy filtered resources, i.e. build is platform dependent!
2016-05-08 20:36:39,166 [Worker-3] INFO  o.e.m.c.i.embedder.EclipseLogger - skip non existing resourceDirectory /Users/Max/Desktop/Data-Processing-PC/Data-Processing-PC/src/main/resources
2016-05-08 20:36:39,167 [Worker-3] WARN  o.e.m.c.i.embedder.EclipseLogger - Using platform encoding (UTF-8 actually) to copy filtered resources, i.e. build is platform dependent!
2016-05-08 20:36:39,168 [Worker-3] INFO  o.e.m.c.i.embedder.EclipseLogger - skip non existing resourceDirectory /Users/Max/Desktop/Data-Processing-PC/Data-Processing-PC/src/test/resources
2016-05-08 20:38:20,773 [Worker-2] INFO  o.e.m.i.launch.MavenLaunchDelegate - /Users/Max/Desktop/Data-Processing-PC/Data-Processing-PC
2016-05-08 20:38:20,773 [Worker-2] INFO  o.e.m.i.launch.MavenLaunchDelegate -  mvn  -B 
2016-05-08 20:38:20,893 [Worker-2] WARN  o.e.m.c.i.embedder.EclipseLogger - Using platform encoding (UTF-8 actually) to copy filtered resources, i.e. build is platform dependent!
2016-05-08 20:38:20,894 [Worker-2] INFO  o.e.m.c.i.embedder.EclipseLogger - skip non existing resourceDirectory /Users/Max/Desktop/Data-Processing-PC/Data-Processing-PC/src/main/resources
2016-05-08 20:38:20,895 [Worker-2] WARN  o.e.m.c.i.embedder.EclipseLogger - Using platform encoding (UTF-8 actually) to copy filtered resources, i.e. build is platform dependent!
2016-05-08 20:38:20,895 [Worker-2] INFO  o.e.m.c.i.embedder.EclipseLogger - skip non existing resourceDirectory /Users/Max/Desktop/Data-Processing-PC/Data-Processing-PC/src/test/resources
2016-05-08 20:38:39,320 [Worker-2] INFO  o.e.m.i.launch.MavenLaunchDelegate - /Users/Max/Desktop/Data-Processing-PC/Data-Processing-PC
2016-05-08 20:38:39,320 [Worker-2] INFO  o.e.m.i.launch.MavenLaunchDelegate -  mvn  -B install
2016-05-08 20:38:41,241 [Worker-2] WARN  o.e.m.c.i.embedder.EclipseLogger - Using platform encoding (UTF-8 actually) to copy filtered resources, i.e. build is platform dependent!
2016-05-08 20:38:41,242 [Worker-2] INFO  o.e.m.c.i.embedder.EclipseLogger - skip non existing resourceDirectory /Users/Max/Desktop/Data-Processing-PC/Data-Processing-PC/src/main/resources
2016-05-08 20:38:41,242 [Worker-2] WARN  o.e.m.c.i.embedder.EclipseLogger - Using platform encoding (UTF-8 actually) to copy filtered resources, i.e. build is platform dependent!
2016-05-08 20:38:41,243 [Worker-2] INFO  o.e.m.c.i.embedder.EclipseLogger - skip non existing resourceDirectory /Users/Max/Desktop/Data-Processing-PC/Data-Processing-PC/src/test/resources
2016-05-08 20:50:40,233 [Worker-1] INFO  o.e.m.i.launch.MavenLaunchDelegate - /Users/Max/Desktop/Data-Processing-PC/Data-Processing-PC
2016-05-08 20:50:40,235 [Worker-1] INFO  o.e.m.i.launch.MavenLaunchDelegate -  mvn  -B install
2016-05-08 20:50:42,138 [Worker-9] WARN  o.e.m.c.i.embedder.EclipseLogger - Using platform encoding (UTF-8 actually) to copy filtered resources, i.e. build is platform dependent!
2016-05-08 20:50:42,140 [Worker-9] INFO  o.e.m.c.i.embedder.EclipseLogger - skip non existing resourceDirectory /Users/Max/Desktop/Data-Processing-PC/Data-Processing-PC/src/main/resources
2016-05-08 20:50:42,141 [Worker-9] WARN  o.e.m.c.i.embedder.EclipseLogger - Using platform encoding (UTF-8 actually) to copy filtered resources, i.e. build is platform dependent!
2016-05-08 20:50:42,141 [Worker-9] INFO  o.e.m.c.i.embedder.EclipseLogger - skip non existing resourceDirectory /Users/Max/Desktop/Data-Processing-PC/Data-Processing-PC/src/test/resources
2016-05-08 20:51:09,413 [Worker-3] INFO  o.e.m.i.launch.MavenLaunchDelegate - /Users/Max/Desktop/Data-Processing-PC/Data-Processing-PC
2016-05-08 20:51:09,413 [Worker-3] INFO  o.e.m.i.launch.MavenLaunchDelegate -  mvn  -B clean
2016-05-08 20:51:10,641 [Worker-3] WARN  o.e.m.c.i.embedder.EclipseLogger - Using platform encoding (UTF-8 actually) to copy filtered resources, i.e. build is platform dependent!
2016-05-08 20:51:10,641 [Worker-3] INFO  o.e.m.c.i.embedder.EclipseLogger - skip non existing resourceDirectory /Users/Max/Desktop/Data-Processing-PC/Data-Processing-PC/src/main/resources
2016-05-08 20:51:10,642 [Worker-3] WARN  o.e.m.c.i.embedder.EclipseLogger - Using platform encoding (UTF-8 actually) to copy filtered resources, i.e. build is platform dependent!
2016-05-08 20:51:10,643 [Worker-3] INFO  o.e.m.c.i.embedder.EclipseLogger - skip non existing resourceDirectory /Users/Max/Desktop/Data-Processing-PC/Data-Processing-PC/src/test/resources
2016-05-08 20:51:19,430 [Worker-11] INFO  o.e.m.i.launch.MavenLaunchDelegate - /Users/Max/Desktop/Data-Processing-PC/Data-Processing-PC
2016-05-08 20:51:19,430 [Worker-11] INFO  o.e.m.i.launch.MavenLaunchDelegate -  mvn  -B generate-sources
2016-05-08 20:51:29,281 [Worker-11] INFO  o.e.m.i.launch.MavenLaunchDelegate - /Users/Max/Desktop/Data-Processing-PC/Data-Processing-PC
2016-05-08 20:51:29,281 [Worker-11] INFO  o.e.m.i.launch.MavenLaunchDelegate -  mvn  -B install
2016-05-08 20:51:31,545 [Worker-8] WARN  o.e.m.c.i.embedder.EclipseLogger - Using platform encoding (UTF-8 actually) to copy filtered resources, i.e. build is platform dependent!
2016-05-08 20:51:31,545 [Worker-8] INFO  o.e.m.c.i.embedder.EclipseLogger - skip non existing resourceDirectory /Users/Max/Desktop/Data-Processing-PC/Data-Processing-PC/src/main/resources
2016-05-08 20:51:31,546 [Worker-8] WARN  o.e.m.c.i.embedder.EclipseLogger - Using platform encoding (UTF-8 actually) to copy filtered resources, i.e. build is platform dependent!
2016-05-08 20:51:31,547 [Worker-8] INFO  o.e.m.c.i.embedder.EclipseLogger - skip non existing resourceDirectory /Users/Max/Desktop/Data-Processing-PC/Data-Processing-PC/src/test/resources
2016-05-08 20:51:38,395 [Worker-10] INFO  o.e.m.i.launch.MavenLaunchDelegate - /Users/Max/Desktop/Data-Processing-PC/Data-Processing-PC
2016-05-08 20:51:38,395 [Worker-10] INFO  o.e.m.i.launch.MavenLaunchDelegate -  mvn  -B test
2016-05-08 20:51:40,178 [Worker-8] WARN  o.e.m.c.i.embedder.EclipseLogger - Using platform encoding (UTF-8 actually) to copy filtered resources, i.e. build is platform dependent!
2016-05-08 20:51:40,178 [Worker-8] INFO  o.e.m.c.i.embedder.EclipseLogger - skip non existing resourceDirectory /Users/Max/Desktop/Data-Processing-PC/Data-Processing-PC/src/main/resources
2016-05-08 20:51:40,179 [Worker-8] WARN  o.e.m.c.i.embedder.EclipseLogger - Using platform encoding (UTF-8 actually) to copy filtered resources, i.e. build is platform dependent!
2016-05-08 20:51:40,180 [Worker-8] INFO  o.e.m.c.i.embedder.EclipseLogger - skip non existing resourceDirectory /Users/Max/Desktop/Data-Processing-PC/Data-Processing-PC/src/test/resources
2016-05-08 20:57:41,688 [Start Help Server] INFO  org.eclipse.jetty.server.Server - jetty-8.1.16.v20140903
2016-05-08 20:57:41,711 [Start Help Server] INFO  o.e.jetty.server.AbstractConnector - Started SelectChannelConnector@127.0.0.1:52668
2016-05-08 21:13:20,564 [Worker-20] ERROR o.e.m.c.i.URLConnectionCaches - Unexpected URLConnection defaultUseCaches enabled
2016-05-08 21:13:20,572 [Worker-20] WARN  o.e.m.c.i.embedder.EclipseLogger - Using platform encoding (UTF-8 actually) to copy filtered resources, i.e. build is platform dependent!
2016-05-08 21:13:20,573 [Worker-20] INFO  o.e.m.c.i.embedder.EclipseLogger - skip non existing resourceDirectory /Users/Max/Desktop/Data-Processing-PC/Data-Processing-PC/src/main/resources
2016-05-08 21:13:20,573 [Worker-20] WARN  o.e.m.c.i.embedder.EclipseLogger - Using platform encoding (UTF-8 actually) to copy filtered resources, i.e. build is platform dependent!
2016-05-08 21:13:20,573 [Worker-20] INFO  o.e.m.c.i.embedder.EclipseLogger - skip non existing resourceDirectory /Users/Max/Desktop/Data-Processing-PC/Data-Processing-PC/src/test/resources
2016-05-08 21:13:33,969 [Worker-18] INFO  o.e.m.i.launch.MavenLaunchDelegate - /Users/Max/Desktop/Data-Processing-PC/Data-Processing-PC
2016-05-08 21:13:33,969 [Worker-18] INFO  o.e.m.i.launch.MavenLaunchDelegate -  mvn  -B install
2016-05-08 21:13:36,009 [Worker-19] ERROR o.e.m.c.i.URLConnectionCaches - Unexpected URLConnection defaultUseCaches enabled
2016-05-08 21:13:36,010 [Worker-19] WARN  o.e.m.c.i.embedder.EclipseLogger - Using platform encoding (UTF-8 actually) to copy filtered resources, i.e. build is platform dependent!
2016-05-08 21:13:36,011 [Worker-19] INFO  o.e.m.c.i.embedder.EclipseLogger - skip non existing resourceDirectory /Users/Max/Desktop/Data-Processing-PC/Data-Processing-PC/src/main/resources
2016-05-08 21:13:36,011 [Worker-19] WARN  o.e.m.c.i.embedder.EclipseLogger - Using platform encoding (UTF-8 actually) to copy filtered resources, i.e. build is platform dependent!
2016-05-08 21:13:36,011 [Worker-19] INFO  o.e.m.c.i.embedder.EclipseLogger - skip non existing resourceDirectory /Users/Max/Desktop/Data-Processing-PC/Data-Processing-PC/src/test/resources
2016-05-08 21:15:28,057 [Worker-18] ERROR o.e.m.c.i.URLConnectionCaches - Unexpected URLConnection defaultUseCaches enabled
2016-05-08 21:15:28,059 [Worker-18] WARN  o.e.m.c.i.embedder.EclipseLogger - Using platform encoding (UTF-8 actually) to copy filtered resources, i.e. build is platform dependent!
2016-05-08 21:15:28,059 [Worker-18] INFO  o.e.m.c.i.embedder.EclipseLogger - skip non existing resourceDirectory /Users/Max/Desktop/Data-Processing-PC/Data-Processing-PC/src/main/resources
2016-05-08 21:15:28,060 [Worker-18] WARN  o.e.m.c.i.embedder.EclipseLogger - Using platform encoding (UTF-8 actually) to copy filtered resources, i.e. build is platform dependent!
2016-05-08 21:15:28,060 [Worker-18] INFO  o.e.m.c.i.embedder.EclipseLogger - skip non existing resourceDirectory /Users/Max/Desktop/Data-Processing-PC/Data-Processing-PC/src/test/resources
2016-05-08 21:15:42,839 [Worker-22] INFO  o.e.m.i.launch.MavenLaunchDelegate - /Users/Max/Desktop/Data-Processing-PC/Data-Processing-PC
2016-05-08 21:15:42,839 [Worker-22] INFO  o.e.m.i.launch.MavenLaunchDelegate -  mvn  -B install
2016-05-08 21:15:44,739 [Worker-18] ERROR o.e.m.c.i.URLConnectionCaches - Unexpected URLConnection defaultUseCaches enabled
2016-05-08 21:15:44,740 [Worker-18] WARN  o.e.m.c.i.embedder.EclipseLogger - Using platform encoding (UTF-8 actually) to copy filtered resources, i.e. build is platform dependent!
2016-05-08 21:15:44,741 [Worker-18] INFO  o.e.m.c.i.embedder.EclipseLogger - skip non existing resourceDirectory /Users/Max/Desktop/Data-Processing-PC/Data-Processing-PC/src/main/resources
2016-05-08 21:15:44,741 [Worker-18] WARN  o.e.m.c.i.embedder.EclipseLogger - Using platform encoding (UTF-8 actually) to copy filtered resources, i.e. build is platform dependent!
2016-05-08 21:15:44,742 [Worker-18] INFO  o.e.m.c.i.embedder.EclipseLogger - skip non existing resourceDirectory /Users/Max/Desktop/Data-Processing-PC/Data-Processing-PC/src/test/resources
2016-05-08 21:19:19,377 [Worker-23] INFO  o.e.m.i.launch.MavenLaunchDelegate - /Users/Max/Desktop/Data-Processing-PC/Data-Processing-PC
2016-05-08 21:19:19,377 [Worker-23] INFO  o.e.m.i.launch.MavenLaunchDelegate -  mvn  -B install
2016-05-08 21:19:21,222 [Worker-23] ERROR o.e.m.c.i.URLConnectionCaches - Unexpected URLConnection defaultUseCaches enabled
2016-05-08 21:19:21,223 [Worker-23] WARN  o.e.m.c.i.embedder.EclipseLogger - Using platform encoding (UTF-8 actually) to copy filtered resources, i.e. build is platform dependent!
2016-05-08 21:19:21,224 [Worker-23] INFO  o.e.m.c.i.embedder.EclipseLogger - skip non existing resourceDirectory /Users/Max/Desktop/Data-Processing-PC/Data-Processing-PC/src/main/resources
2016-05-08 21:19:21,224 [Worker-23] WARN  o.e.m.c.i.embedder.EclipseLogger - Using platform encoding (UTF-8 actually) to copy filtered resources, i.e. build is platform dependent!
2016-05-08 21:19:21,225 [Worker-23] INFO  o.e.m.c.i.embedder.EclipseLogger - skip non existing resourceDirectory /Users/Max/Desktop/Data-Processing-PC/Data-Processing-PC/src/test/resources
2016-05-08 21:21:37,921 [Worker-19] ERROR o.e.m.c.i.URLConnectionCaches - Unexpected URLConnection defaultUseCaches enabled
2016-05-08 21:21:37,922 [Worker-19] WARN  o.e.m.c.i.embedder.EclipseLogger - Using platform encoding (UTF-8 actually) to copy filtered resources, i.e. build is platform dependent!
2016-05-08 21:21:37,923 [Worker-19] INFO  o.e.m.c.i.embedder.EclipseLogger - skip non existing resourceDirectory /Users/Max/Desktop/Data-Processing-PC/Data-Processing-PC/src/main/resources
2016-05-08 21:21:37,923 [Worker-19] WARN  o.e.m.c.i.embedder.EclipseLogger - Using platform encoding (UTF-8 actually) to copy filtered resources, i.e. build is platform dependent!
2016-05-08 21:21:37,923 [Worker-19] INFO  o.e.m.c.i.embedder.EclipseLogger - skip non existing resourceDirectory /Users/Max/Desktop/Data-Processing-PC/Data-Processing-PC/src/test/resources
2016-05-08 21:21:46,030 [Worker-1] INFO  o.e.m.i.launch.MavenLaunchDelegate - /Users/Max/Desktop/Data-Processing-PC/Data-Processing-PC
2016-05-08 21:21:46,030 [Worker-1] INFO  o.e.m.i.launch.MavenLaunchDelegate -  mvn  -B install
2016-05-08 21:21:47,916 [Worker-23] ERROR o.e.m.c.i.URLConnectionCaches - Unexpected URLConnection defaultUseCaches enabled
2016-05-08 21:21:47,917 [Worker-23] WARN  o.e.m.c.i.embedder.EclipseLogger - Using platform encoding (UTF-8 actually) to copy filtered resources, i.e. build is platform dependent!
2016-05-08 21:21:47,918 [Worker-23] INFO  o.e.m.c.i.embedder.EclipseLogger - skip non existing resourceDirectory /Users/Max/Desktop/Data-Processing-PC/Data-Processing-PC/src/main/resources
2016-05-08 21:21:47,919 [Worker-23] WARN  o.e.m.c.i.embedder.EclipseLogger - Using platform encoding (UTF-8 actually) to copy filtered resources, i.e. build is platform dependent!
2016-05-08 21:21:47,919 [Worker-23] INFO  o.e.m.c.i.embedder.EclipseLogger - skip non existing resourceDirectory /Users/Max/Desktop/Data-Processing-PC/Data-Processing-PC/src/test/resources
2016-05-08 21:22:53,662 [Worker-24] ERROR o.e.m.c.i.URLConnectionCaches - Unexpected URLConnection defaultUseCaches enabled
2016-05-08 21:22:53,663 [Worker-24] WARN  o.e.m.c.i.embedder.EclipseLogger - Using platform encoding (UTF-8 actually) to copy filtered resources, i.e. build is platform dependent!
2016-05-08 21:22:53,664 [Worker-24] INFO  o.e.m.c.i.embedder.EclipseLogger - skip non existing resourceDirectory /Users/Max/Desktop/Data-Processing-PC/Data-Processing-PC/src/main/resources
2016-05-08 21:22:53,667 [Worker-24] WARN  o.e.m.c.i.embedder.EclipseLogger - Using platform encoding (UTF-8 actually) to copy filtered resources, i.e. build is platform dependent!
2016-05-08 21:22:53,668 [Worker-24] INFO  o.e.m.c.i.embedder.EclipseLogger - skip non existing resourceDirectory /Users/Max/Desktop/Data-Processing-PC/Data-Processing-PC/src/test/resources
2016-05-08 21:23:24,584 [Worker-22] INFO  o.e.m.i.launch.MavenLaunchDelegate - /Users/Max/Desktop/Data-Processing-PC/Data-Processing-PC
2016-05-08 21:23:24,584 [Worker-22] INFO  o.e.m.i.launch.MavenLaunchDelegate -  mvn  -B install
2016-05-08 21:23:26,508 [Worker-19] ERROR o.e.m.c.i.URLConnectionCaches - Unexpected URLConnection defaultUseCaches enabled
2016-05-08 21:23:26,510 [Worker-19] WARN  o.e.m.c.i.embedder.EclipseLogger - Using platform encoding (UTF-8 actually) to copy filtered resources, i.e. build is platform dependent!
2016-05-08 21:23:26,510 [Worker-19] INFO  o.e.m.c.i.embedder.EclipseLogger - skip non existing resourceDirectory /Users/Max/Desktop/Data-Processing-PC/Data-Processing-PC/src/main/resources
2016-05-08 21:23:26,511 [Worker-19] WARN  o.e.m.c.i.embedder.EclipseLogger - Using platform encoding (UTF-8 actually) to copy filtered resources, i.e. build is platform dependent!
2016-05-08 21:23:26,511 [Worker-19] INFO  o.e.m.c.i.embedder.EclipseLogger - skip non existing resourceDirectory /Users/Max/Desktop/Data-Processing-PC/Data-Processing-PC/src/test/resources
2016-05-08 21:24:22,827 [Worker-21] ERROR o.e.m.c.i.URLConnectionCaches - Unexpected URLConnection defaultUseCaches enabled
2016-05-08 21:24:22,828 [Worker-21] WARN  o.e.m.c.i.embedder.EclipseLogger - Using platform encoding (UTF-8 actually) to copy filtered resources, i.e. build is platform dependent!
2016-05-08 21:24:22,829 [Worker-21] INFO  o.e.m.c.i.embedder.EclipseLogger - skip non existing resourceDirectory /Users/Max/Desktop/Data-Processing-PC/Data-Processing-PC/src/main/resources
2016-05-08 21:24:22,829 [Worker-21] WARN  o.e.m.c.i.embedder.EclipseLogger - Using platform encoding (UTF-8 actually) to copy filtered resources, i.e. build is platform dependent!
2016-05-08 21:24:22,829 [Worker-21] INFO  o.e.m.c.i.embedder.EclipseLogger - skip non existing resourceDirectory /Users/Max/Desktop/Data-Processing-PC/Data-Processing-PC/src/test/resources
2016-05-08 21:24:48,056 [Worker-1] ERROR o.e.m.c.i.URLConnectionCaches - Unexpected URLConnection defaultUseCaches enabled
2016-05-08 21:24:48,057 [Worker-1] WARN  o.e.m.c.i.embedder.EclipseLogger - Using platform encoding (UTF-8 actually) to copy filtered resources, i.e. build is platform dependent!
2016-05-08 21:24:48,057 [Worker-1] INFO  o.e.m.c.i.embedder.EclipseLogger - skip non existing resourceDirectory /Users/Max/Desktop/Data-Processing-PC/Data-Processing-PC/src/main/resources
2016-05-08 21:24:48,057 [Worker-1] WARN  o.e.m.c.i.embedder.EclipseLogger - Using platform encoding (UTF-8 actually) to copy filtered resources, i.e. build is platform dependent!
2016-05-08 21:24:48,058 [Worker-1] INFO  o.e.m.c.i.embedder.EclipseLogger - skip non existing resourceDirectory /Users/Max/Desktop/Data-Processing-PC/Data-Processing-PC/src/test/resources
2016-05-08 21:25:07,727 [Worker-25] ERROR o.e.m.c.i.URLConnectionCaches - Unexpected URLConnection defaultUseCaches enabled
2016-05-08 21:25:07,728 [Worker-25] WARN  o.e.m.c.i.embedder.EclipseLogger - Using platform encoding (UTF-8 actually) to copy filtered resources, i.e. build is platform dependent!
2016-05-08 21:25:07,729 [Worker-25] INFO  o.e.m.c.i.embedder.EclipseLogger - skip non existing resourceDirectory /Users/Max/Desktop/Data-Processing-PC/Data-Processing-PC/src/main/resources
2016-05-08 21:25:07,729 [Worker-25] WARN  o.e.m.c.i.embedder.EclipseLogger - Using platform encoding (UTF-8 actually) to copy filtered resources, i.e. build is platform dependent!
2016-05-08 21:25:07,729 [Worker-25] INFO  o.e.m.c.i.embedder.EclipseLogger - skip non existing resourceDirectory /Users/Max/Desktop/Data-Processing-PC/Data-Processing-PC/src/test/resources
2016-05-08 21:36:59,771 [Worker-27] INFO  o.e.m.i.launch.MavenLaunchDelegate - /Users/Max/Desktop/Data-Processing-PC/Data-Processing-PC
2016-05-08 21:36:59,771 [Worker-27] INFO  o.e.m.i.launch.MavenLaunchDelegate -  mvn  -B install
2016-05-08 21:37:01,847 [Worker-1] ERROR o.e.m.c.i.URLConnectionCaches - Unexpected URLConnection defaultUseCaches enabled
2016-05-08 21:37:01,849 [Worker-1] WARN  o.e.m.c.i.embedder.EclipseLogger - Using platform encoding (UTF-8 actually) to copy filtered resources, i.e. build is platform dependent!
2016-05-08 21:37:01,849 [Worker-1] INFO  o.e.m.c.i.embedder.EclipseLogger - skip non existing resourceDirectory /Users/Max/Desktop/Data-Processing-PC/Data-Processing-PC/src/main/resources
2016-05-08 21:37:01,850 [Worker-1] WARN  o.e.m.c.i.embedder.EclipseLogger - Using platform encoding (UTF-8 actually) to copy filtered resources, i.e. build is platform dependent!
2016-05-08 21:37:01,850 [Worker-1] INFO  o.e.m.c.i.embedder.EclipseLogger - skip non existing resourceDirectory /Users/Max/Desktop/Data-Processing-PC/Data-Processing-PC/src/test/resources
2016-05-08 21:37:23,355 [Worker-27] ERROR o.e.m.c.i.URLConnectionCaches - Unexpected URLConnection defaultUseCaches enabled
2016-05-08 21:37:23,356 [Worker-27] WARN  o.e.m.c.i.embedder.EclipseLogger - Using platform encoding (UTF-8 actually) to copy filtered resources, i.e. build is platform dependent!
2016-05-08 21:37:23,357 [Worker-27] INFO  o.e.m.c.i.embedder.EclipseLogger - skip non existing resourceDirectory /Users/Max/Desktop/Data-Processing-PC/Data-Processing-PC/src/main/resources
2016-05-08 21:37:23,357 [Worker-27] WARN  o.e.m.c.i.embedder.EclipseLogger - Using platform encoding (UTF-8 actually) to copy filtered resources, i.e. build is platform dependent!
2016-05-08 21:37:23,357 [Worker-27] INFO  o.e.m.c.i.embedder.EclipseLogger - skip non existing resourceDirectory /Users/Max/Desktop/Data-Processing-PC/Data-Processing-PC/src/test/resources
2016-05-08 21:37:43,033 [Worker-31] INFO  o.e.m.i.launch.MavenLaunchDelegate - /Users/Max/Desktop/Data-Processing-PC/Data-Processing-PC
2016-05-08 21:37:43,033 [Worker-31] INFO  o.e.m.i.launch.MavenLaunchDelegate -  mvn  -B install
2016-05-08 21:37:44,918 [Worker-30] ERROR o.e.m.c.i.URLConnectionCaches - Unexpected URLConnection defaultUseCaches enabled
2016-05-08 21:37:44,922 [Worker-30] WARN  o.e.m.c.i.embedder.EclipseLogger - Using platform encoding (UTF-8 actually) to copy filtered resources, i.e. build is platform dependent!
2016-05-08 21:37:44,922 [Worker-30] INFO  o.e.m.c.i.embedder.EclipseLogger - skip non existing resourceDirectory /Users/Max/Desktop/Data-Processing-PC/Data-Processing-PC/src/main/resources
2016-05-08 21:37:44,923 [Worker-30] WARN  o.e.m.c.i.embedder.EclipseLogger - Using platform encoding (UTF-8 actually) to copy filtered resources, i.e. build is platform dependent!
2016-05-08 21:37:44,923 [Worker-30] INFO  o.e.m.c.i.embedder.EclipseLogger - skip non existing resourceDirectory /Users/Max/Desktop/Data-Processing-PC/Data-Processing-PC/src/test/resources
2016-05-08 21:40:06,808 [Worker-30] ERROR o.e.m.c.i.URLConnectionCaches - Unexpected URLConnection defaultUseCaches enabled
2016-05-08 21:40:06,810 [Worker-30] WARN  o.e.m.c.i.embedder.EclipseLogger - Using platform encoding (UTF-8 actually) to copy filtered resources, i.e. build is platform dependent!
2016-05-08 21:40:06,811 [Worker-30] INFO  o.e.m.c.i.embedder.EclipseLogger - skip non existing resourceDirectory /Users/Max/Desktop/Data-Processing-PC/Data-Processing-PC/src/main/resources
2016-05-08 21:40:06,812 [Worker-30] WARN  o.e.m.c.i.embedder.EclipseLogger - Using platform encoding (UTF-8 actually) to copy filtered resources, i.e. build is platform dependent!
2016-05-08 21:40:06,813 [Worker-30] INFO  o.e.m.c.i.embedder.EclipseLogger - skip non existing resourceDirectory /Users/Max/Desktop/Data-Processing-PC/Data-Processing-PC/src/test/resources
2016-05-08 21:40:23,767 [Worker-29] INFO  o.e.m.i.launch.MavenLaunchDelegate - /Users/Max/Desktop/Data-Processing-PC/Data-Processing-PC
2016-05-08 21:40:23,767 [Worker-29] INFO  o.e.m.i.launch.MavenLaunchDelegate -  mvn  -B install
2016-05-08 21:40:25,682 [Worker-32] ERROR o.e.m.c.i.URLConnectionCaches - Unexpected URLConnection defaultUseCaches enabled
2016-05-08 21:40:25,684 [Worker-32] WARN  o.e.m.c.i.embedder.EclipseLogger - Using platform encoding (UTF-8 actually) to copy filtered resources, i.e. build is platform dependent!
2016-05-08 21:40:25,684 [Worker-32] INFO  o.e.m.c.i.embedder.EclipseLogger - skip non existing resourceDirectory /Users/Max/Desktop/Data-Processing-PC/Data-Processing-PC/src/main/resources
2016-05-08 21:40:25,685 [Worker-32] WARN  o.e.m.c.i.embedder.EclipseLogger - Using platform encoding (UTF-8 actually) to copy filtered resources, i.e. build is platform dependent!
2016-05-08 21:40:25,685 [Worker-32] INFO  o.e.m.c.i.embedder.EclipseLogger - skip non existing resourceDirectory /Users/Max/Desktop/Data-Processing-PC/Data-Processing-PC/src/test/resources
